Determining if the pthread_create exist failed with the following output:
Change Dir: /home/laura/computer_vision/dvo/bin/CMakeFiles/CMakeTmp

Run Build Command:"/usr/bin/make" "cmTryCompileExec3205821826/fast"
/usr/bin/make -f CMakeFiles/cmTryCompileExec3205821826.dir/build.make CMakeFiles/cmTryCompileExec3205821826.dir/build
make[1]: Entering directory `/home/laura/computer_vision/dvo/bin/CMakeFiles/CMakeTmp'
/usr/bin/cmake -E cmake_progress_report /home/laura/computer_vision/dvo/bin/CMakeFiles/CMakeTmp/CMakeFiles 1
Building C object CMakeFiles/cmTryCompileExec3205821826.dir/CheckSymbolExists.c.o
/usr/bin/cc    -o CMakeFiles/cmTryCompileExec3205821826.dir/CheckSymbolExists.c.o   -c /home/laura/computer_vision/dvo/bin/CMakeFiles/CMakeTmp/CheckSymbolExists.c
Linking C executable cmTryCompileExec3205821826
/usr/bin/cmake -E cmake_link_script CMakeFiles/cmTryCompileExec3205821826.dir/link.txt --verbose=1
/usr/bin/cc       CMakeFiles/cmTryCompileExec3205821826.dir/CheckSymbolExists.c.o  -o cmTryCompileExec3205821826 -rdynamic 
CMakeFiles/cmTryCompileExec3205821826.dir/CheckSymbolExists.c.o: In function `main':
CheckSymbolExists.c:(.text+0x16): undefined reference to `pthread_create'
collect2: error: ld returned 1 exit status
make[1]: Leaving directory `/home/laura/computer_vision/dvo/bin/CMakeFiles/CMakeTmp'
make[1]: *** [cmTryCompileExec3205821826] Error 1
make: *** [cmTryCompileExec3205821826/fast] Error 2

File /home/laura/computer_vision/dvo/bin/CMakeFiles/CMakeTmp/CheckSymbolExists.c:
/* */
#include <pthread.h>

int main(int argc, char** argv)
{
  (void)argv;
#ifndef pthread_create
  return ((int*)(&pthread_create))[argc];
#else
  (void)argc;
  return 0;
#endif
}

Determining if the function pthread_create exists in the pthreads failed with the following output:
Change Dir: /home/laura/computer_vision/dvo/bin/CMakeFiles/CMakeTmp

Run Build Command:"/usr/bin/make" "cmTryCompileExec657574543/fast"
/usr/bin/make -f CMakeFiles/cmTryCompileExec657574543.dir/build.make CMakeFiles/cmTryCompileExec657574543.dir/build
make[1]: Entering directory `/home/laura/computer_vision/dvo/bin/CMakeFiles/CMakeTmp'
/usr/bin/cmake -E cmake_progress_report /home/laura/computer_vision/dvo/bin/CMakeFiles/CMakeTmp/CMakeFiles 1
Building C object CMakeFiles/cmTryCompileExec657574543.dir/CheckFunctionExists.c.o
/usr/bin/cc   -DCHECK_FUNCTION_EXISTS=pthread_create   -o CMakeFiles/cmTryCompileExec657574543.dir/CheckFunctionExists.c.o   -c /usr/share/cmake-3.2/Modules/CheckFunctionExists.c
Linking C executable cmTryCompileExec657574543
/usr/bin/cmake -E cmake_link_script CMakeFiles/cmTryCompileExec657574543.dir/link.txt --verbose=1
/usr/bin/cc   -DCHECK_FUNCTION_EXISTS=pthread_create    CMakeFiles/cmTryCompileExec657574543.dir/CheckFunctionExists.c.o  -o cmTryCompileExec657574543 -rdynamic -lpthreads 
/usr/bin/ld: cannot find -lpthreads
collect2: error: ld returned 1 exit status
make[1]: Leaving directory `/home/laura/computer_vision/dvo/bin/CMakeFiles/CMakeTmp'
make[1]: *** [cmTryCompileExec657574543] Error 1
make: *** [cmTryCompileExec657574543/fast] Error 2


