Determining if files pthread.h exist passed with the following output:
Change Dir: /home/laura/computer_vision/dvo/bin/CMakeFiles/CMakeTmp

Run Build Command:"/usr/bin/make" "cmTryCompileExec666207258/fast"
/usr/bin/make -f CMakeFiles/cmTryCompileExec666207258.dir/build.make CMakeFiles/cmTryCompileExec666207258.dir/build
make[1]: Entering directory `/home/laura/computer_vision/dvo/bin/CMakeFiles/CMakeTmp'
/usr/bin/cmake -E cmake_progress_report /home/laura/computer_vision/dvo/bin/CMakeFiles/CMakeTmp/CMakeFiles 1
Building C object CMakeFiles/cmTryCompileExec666207258.dir/CheckIncludeFiles.c.o
/usr/bin/cc    -o CMakeFiles/cmTryCompileExec666207258.dir/CheckIncludeFiles.c.o   -c /home/laura/computer_vision/dvo/bin/CMakeFiles/CMakeTmp/CheckIncludeFiles.c
Linking C executable cmTryCompileExec666207258
/usr/bin/cmake -E cmake_link_script CMakeFiles/cmTryCompileExec666207258.dir/link.txt --verbose=1
/usr/bin/cc       CMakeFiles/cmTryCompileExec666207258.dir/CheckIncludeFiles.c.o  -o cmTryCompileExec666207258 -rdynamic 
make[1]: Leaving directory `/home/laura/computer_vision/dvo/bin/CMakeFiles/CMakeTmp'


Determining if the function pthread_create exists in the pthread passed with the following output:
Change Dir: /home/laura/computer_vision/dvo/bin/CMakeFiles/CMakeTmp

Run Build Command:"/usr/bin/make" "cmTryCompileExec260480864/fast"
/usr/bin/make -f CMakeFiles/cmTryCompileExec260480864.dir/build.make CMakeFiles/cmTryCompileExec260480864.dir/build
make[1]: Entering directory `/home/laura/computer_vision/dvo/bin/CMakeFiles/CMakeTmp'
/usr/bin/cmake -E cmake_progress_report /home/laura/computer_vision/dvo/bin/CMakeFiles/CMakeTmp/CMakeFiles 1
Building C object CMakeFiles/cmTryCompileExec260480864.dir/CheckFunctionExists.c.o
/usr/bin/cc   -DCHECK_FUNCTION_EXISTS=pthread_create   -o CMakeFiles/cmTryCompileExec260480864.dir/CheckFunctionExists.c.o   -c /usr/share/cmake-3.2/Modules/CheckFunctionExists.c
Linking C executable cmTryCompileExec260480864
/usr/bin/cmake -E cmake_link_script CMakeFiles/cmTryCompileExec260480864.dir/link.txt --verbose=1
/usr/bin/cc   -DCHECK_FUNCTION_EXISTS=pthread_create    CMakeFiles/cmTryCompileExec260480864.dir/CheckFunctionExists.c.o  -o cmTryCompileExec260480864 -rdynamic -lpthread 
make[1]: Leaving directory `/home/laura/computer_vision/dvo/bin/CMakeFiles/CMakeTmp'


